<?xml version="1.0" encoding="UTF-8"?>
<!-- Generated by org.testng.reporters.JUnitXMLReporter -->
<testsuite ignored="0" hostname="LAPTOP-HR61KB0V" failures="0" tests="5" name="Test" time="33.98" errors="0" timestamp="2021-07-09T13:51:20 IST">
  <testcase classname="tests.FourTest" name="fourTest" time="0.014"/>
  <testcase classname="tests.TwoTest" name="testwo" time="0.003"/>
  <testcase classname="tests.LoginTest" name="login" time="5.883"/>
  <testcase classname="tests.LoginTest" name="login" time="5.003"/>
  <testcase classname="tests.ThreeTest" name="threetest" time="0.002"/>
</testsuite> <!-- Test -->
