<?xml version="1.0" encoding="UTF-8"?>
<!-- Generated by org.testng.reporters.JUnitXMLReporter -->
<testsuite ignored="0" hostname="LAPTOP-HR61KB0V" failures="0" tests="5" name="Test" time="60.803" errors="0" timestamp="2021-07-08T14:56:07 IST">
  <testcase classname="tests.FourTest" name="fourTest" time="0.006"/>
  <testcase classname="tests.TwoTest" name="testwo" time="0.0"/>
  <testcase classname="tests.LoginTest" name="login" time="10.168"/>
  <testcase classname="tests.LoginTest" name="login" time="6.435"/>
  <testcase classname="tests.ThreeTest" name="threetest" time="0.001"/>
</testsuite> <!-- Test -->
