<?xml version="1.0" encoding="UTF-8"?>
<testng-results ignored="0" total="1" passed="1" failed="0" skipped="0">
  <reporter-output>
  </reporter-output>
  <suite started-at="2021-07-10T18:27:35 IST" name="Suite" finished-at="2021-07-10T18:28:54 IST" duration-ms="78943">
    <groups>
      <group name="cucumber">
        <method signature="AbstractTestNGCucumberTests.runScenario(io.cucumber.testng.PickleWrapper,io.cucumber.testng.FeatureWrapper)[pri:0, instance:runner.Testruuner@60b4beb4]" name="runScenario" class="io.cucumber.testng.AbstractTestNGCucumberTests"/>
      </group> <!-- cucumber -->
    </groups>
    <test started-at="2021-07-10T18:27:35 IST" name="LoginTest" finished-at="2021-07-10T18:28:54 IST" duration-ms="78943">
      <class name="runner.Testruuner">
        <test-method is-config="true" signature="setUpClass()[pri:0, instance:runner.Testruuner@60b4beb4]" started-at="2021-07-10T18:27:36 IST" name="setUpClass" finished-at="2021-07-10T18:27:36 IST" duration-ms="807" status="PASS">
          <reporter-output>
          </reporter-output>
        </test-method> <!-- setUpClass -->
        <test-method signature="runScenario(io.cucumber.testng.PickleWrapper,io.cucumber.testng.FeatureWrapper)[pri:0, instance:runner.Testruuner@60b4beb4]" started-at="2021-07-10T18:27:36 IST" name="runScenario" description="Runs Cucumber Scenarios" data-provider="scenarios" finished-at="2021-07-10T18:28:54 IST" duration-ms="77836" status="PASS">
          <params>
            <param index="0">
              <value>
                <![CDATA["Login with valid credentials"]]>
              </value>
            </param>
            <param index="1">
              <value>
                <![CDATA["Optional[Application Login]"]]>
              </value>
            </param>
          </params>
          <reporter-output>
          </reporter-output>
        </test-method> <!-- runScenario -->
        <test-method is-config="true" signature="tearDownClass()[pri:0, instance:runner.Testruuner@60b4beb4]" started-at="2021-07-10T18:28:54 IST" name="tearDownClass" finished-at="2021-07-10T18:28:54 IST" duration-ms="144" status="PASS">
          <reporter-output>
          </reporter-output>
        </test-method> <!-- tearDownClass -->
      </class> <!-- runner.Testruuner -->
    </test> <!-- LoginTest -->
  </suite> <!-- Suite -->
</testng-results>
